<?xml version="1.0" encoding="UTF-8"?>
<testsuite xmlns:xsi="http://www.w3.org/2001/XMLSchema-instance" xsi:noNamespaceSchemaLocation="https://maven.apache.org/surefire/maven-surefire-plugin/xsd/surefire-test-report-3.0.xsd" version="3.0" name="runner.RunCucumberTest" time="1.216" tests="4" errors="0" skipped="0" failures="0">
  <properties>
[...]
</properties>
  <testcase name="Cria duas contas com saldo #1" classname="Cadastrar Conta" time="0.672">
    <system-out><![CDATA[
Esquema do Cenario: Cria duas contas com saldo                      &amp#27;[90m# src/test/resources/features/cadastrarContas.feature:22&amp#27;[0m
  &amp#27;[32mDado &amp#27;[0m&amp#27;[32mque acesso o sistema&amp#27;[0m                                         &amp#27;[90m# steps.AdicionarContas.Home()&amp#27;[0m
  &amp#27;[32mQuando &amp#27;[0m&amp#27;[32mclico em &amp#27;[0m&amp#27;[32m&amp#27;[1m"Registrar"&amp#27;[0m                                       &amp#27;[90m# steps.AdicionarContas.clicoEm(java.lang.String)&amp#27;[0m
  &amp#27;[32mE &amp#27;[0m&amp#27;[32mpreencho <email> & &amp#27;[0m&amp#27;[32m&amp#27;[1mConta1&amp#27;[0m&amp#27;[32m & &amp#27;[0m&amp#27;[32m&amp#27;[1mteste123&amp#27;[0m&amp#27;[32m & &amp#27;[0m&amp#27;[32m&amp#27;[1mteste123&amp#27;[0m                 &amp#27;[90m# steps.AdicionarContas.preenchoDadosCadastro(java.lang.String,java.lang.String,java.lang.String)&amp#27;[0m
  &amp#27;[32mE &amp#27;[0m&amp#27;[32ma opção de conta com saldo está habilitada&amp#27;[0m                      &amp#27;[90m# steps.AdicionarContas.toggleHabilitado()&amp#27;[0m
  &amp#27;[32mE &amp#27;[0m&amp#27;[32mclica no botão &amp#27;[0m&amp#27;[32m&amp#27;[1m"Cadastrar"&amp#27;[0m                                      &amp#27;[90m# steps.AdicionarContas.clicaNoBotao(java.lang.String)&amp#27;[0m
  &amp#27;[32mEntão &amp#27;[0m&amp#27;[32mdeve visualizar a mensagem &amp#27;[0m&amp#27;[32m&amp#27;[1m"A conta foi criada com sucesso"&amp#27;[0m &amp#27;[90m# steps.AdicionarContas.deveVisualizarMensagem(java.lang.String)&amp#27;[0m
]]></system-out>
    <system-err><![CDATA[SLF4J: Failed to load class "org.slf4j.impl.StaticLoggerBinder".
SLF4J: Defaulting to no-operation (NOP) logger implementation
SLF4J: See http://www.slf4j.org/codes.html#StaticLoggerBinder for further details.
]]></system-err>
  </testcase>
  <testcase name="Cria duas contas com saldo #2" classname="Cadastrar Conta" time="0.104">
    <system-out><![CDATA[
Esquema do Cenario: Cria duas contas com saldo                      &amp#27;[90m# src/test/resources/features/cadastrarContas.feature:23&amp#27;[0m
  &amp#27;[32mDado &amp#27;[0m&amp#27;[32mque acesso o sistema&amp#27;[0m                                         &amp#27;[90m# steps.AdicionarContas.Home()&amp#27;[0m
  &amp#27;[32mQuando &amp#27;[0m&amp#27;[32mclico em &amp#27;[0m&amp#27;[32m&amp#27;[1m"Registrar"&amp#27;[0m                                       &amp#27;[90m# steps.AdicionarContas.clicoEm(java.lang.String)&amp#27;[0m
  &amp#27;[32mE &amp#27;[0m&amp#27;[32mpreencho <email> & &amp#27;[0m&amp#27;[32m&amp#27;[1mConta2&amp#27;[0m&amp#27;[32m & &amp#27;[0m&amp#27;[32m&amp#27;[1mteste123&amp#27;[0m&amp#27;[32m & &amp#27;[0m&amp#27;[32m&amp#27;[1mteste123&amp#27;[0m                 &amp#27;[90m# steps.AdicionarContas.preenchoDadosCadastro(java.lang.String,java.lang.String,java.lang.String)&amp#27;[0m
  &amp#27;[32mE &amp#27;[0m&amp#27;[32ma opção de conta com saldo está habilitada&amp#27;[0m                      &amp#27;[90m# steps.AdicionarContas.toggleHabilitado()&amp#27;[0m
  &amp#27;[32mE &amp#27;[0m&amp#27;[32mclica no botão &amp#27;[0m&amp#27;[32m&amp#27;[1m"Cadastrar"&amp#27;[0m                                      &amp#27;[90m# steps.AdicionarContas.clicaNoBotao(java.lang.String)&amp#27;[0m
  &amp#27;[32mEntão &amp#27;[0m&amp#27;[32mdeve visualizar a mensagem &amp#27;[0m&amp#27;[32m&amp#27;[1m"A conta foi criada com sucesso"&amp#27;[0m &amp#27;[90m# steps.AdicionarContas.deveVisualizarMensagem(java.lang.String)&amp#27;[0m
]]></system-out>
  </testcase>
  <testcase name="Testar transfêrencia e saldo #1" classname="Transferência de Contas" time="0.029">
    <system-out><![CDATA[
Esquema do Cenario: Testar transfêrencia e saldo                        &amp#27;[90m# src/test/resources/features/contas.feature:23&amp#27;[0m
  &amp#27;[32mDado &amp#27;[0m&amp#27;[32mque estou logado na aplicação&amp#27;[0m                                    &amp#27;[90m# steps.TransferenciaContasSteps.queEstouLogadoNaAplicacao()&amp#27;[0m
  &amp#27;[32mE &amp#27;[0m&amp#27;[32mpossuo duas contas cadastradas&amp#27;[0m                                      &amp#27;[90m# steps.TransferenciaContasSteps.possuoDuasContasCadastradas()&amp#27;[0m
  &amp#27;[32mDado &amp#27;[0m&amp#27;[32ma conta criada para o dono &amp#27;[0m&amp#27;[32m&amp#27;[1mconta1&amp#27;[0m&amp#27;[32m de numero &amp#27;[0m&amp#27;[32m&amp#27;[1m111&amp#27;[0m&amp#27;[32m com o saldo &amp#27;[0m&amp#27;[32m&amp#27;[1m1000&amp#27;[0m &amp#27;[90m# steps.TransferenciaContasSteps.aContaCriadaParaODono(java.lang.String,java.lang.Integer,java.lang.Integer)&amp#27;[0m
  &amp#27;[32mQuando &amp#27;[0m&amp#27;[32mo Conta1 realiza a transfêrencia no valor de &amp#27;[0m&amp#27;[32m&amp#27;[1m100&amp#27;[0m&amp#27;[32m na Conta2&amp#27;[0m     &amp#27;[90m# steps.TransferenciaContasSteps.realizaTransferencia(java.lang.Integer)&amp#27;[0m
  &amp#27;[32mEntao &amp#27;[0m&amp#27;[32mo Conta2 tem o saldo no valor de &amp#27;[0m&amp#27;[32m&amp#27;[1m900&amp#27;[0m&amp#27;[32m na conta&amp#27;[0m                   &amp#27;[90m# steps.TransferenciaContasSteps.validaSaldo(java.lang.Integer)&amp#27;[0m
]]></system-out>
  </testcase>
  <testcase name="Testar transfêrencia e saldo #2" classname="Transferência de Contas" time="0.09">
    <system-out><![CDATA[
Esquema do Cenario: Testar transfêrencia e saldo                        &amp#27;[90m# src/test/resources/features/contas.feature:24&amp#27;[0m
  &amp#27;[32mDado &amp#27;[0m&amp#27;[32mque estou logado na aplicação&amp#27;[0m                                    &amp#27;[90m# steps.TransferenciaContasSteps.queEstouLogadoNaAplicacao()&amp#27;[0m
  &amp#27;[32mE &amp#27;[0m&amp#27;[32mpossuo duas contas cadastradas&amp#27;[0m                                      &amp#27;[90m# steps.TransferenciaContasSteps.possuoDuasContasCadastradas()&amp#27;[0m
  &amp#27;[32mDado &amp#27;[0m&amp#27;[32ma conta criada para o dono &amp#27;[0m&amp#27;[32m&amp#27;[1mconta2&amp#27;[0m&amp#27;[32m de numero &amp#27;[0m&amp#27;[32m&amp#27;[1m222&amp#27;[0m&amp#27;[32m com o saldo &amp#27;[0m&amp#27;[32m&amp#27;[1m1000&amp#27;[0m &amp#27;[90m# steps.TransferenciaContasSteps.aContaCriadaParaODono(java.lang.String,java.lang.Integer,java.lang.Integer)&amp#27;[0m
  &amp#27;[32mQuando &amp#27;[0m&amp#27;[32mo Conta1 realiza a transfêrencia no valor de &amp#27;[0m&amp#27;[32m&amp#27;[1m200&amp#27;[0m&amp#27;[32m na Conta2&amp#27;[0m     &amp#27;[90m# steps.TransferenciaContasSteps.realizaTransferencia(java.lang.Integer)&amp#27;[0m
  &amp#27;[32mEntao &amp#27;[0m&amp#27;[32mo Conta2 tem o saldo no valor de &amp#27;[0m&amp#27;[32m&amp#27;[1m1100&amp#27;[0m&amp#27;[32m na conta&amp#27;[0m                  &amp#27;[90m# steps.TransferenciaContasSteps.validaSaldo(java.lang.Integer)&amp#27;[0m
]]></system-out>
  </testcase>
</testsuite>